<?xml version="1.0" encoding="UTF-8"?>
<testsuite xmlns:xsi="http://www.w3.org/2001/XMLSchema-instance" xsi:noNamespaceSchemaLocation="https://maven.apache.org/surefire/maven-surefire-plugin/xsd/surefire-test-report.xsd" name="courierflow.CourierTest" time="3.103" tests="4" errors="0" skipped="0" failures="2">
  <properties>
    <property name="sun.desktop" value="windows"/>
    <property name="awt.toolkit" value="sun.awt.windows.WToolkit"/>
    <property name="java.specification.version" value="11"/>
    <property name="sun.cpu.isalist" value="amd64"/>
    <property name="sun.jnu.encoding" value="Cp1251"/>
    <property name="java.class.path" value="C:\cygwin64\home\Дмитрий\Sprint_3\target\test-classes;C:\cygwin64\home\Дмитрий\Sprint_3\target\classes;C:\Users\Дмитрий\.m2\repository\org\mockito\mockito-core\3.12.4\mockito-core-3.12.4.jar;C:\Users\Дмитрий\.m2\repository\net\bytebuddy\byte-buddy-agent\1.11.13\byte-buddy-agent-1.11.13.jar;C:\Users\Дмитрий\.m2\repository\org\objenesis\objenesis\3.2\objenesis-3.2.jar;C:\Users\Дмитрий\.m2\repository\net\bytebuddy\byte-buddy\1.11.16\byte-buddy-1.11.16.jar;C:\Users\Дмитрий\.m2\repository\junit\junit\4.13.2\junit-4.13.2.jar;C:\Users\Дмитрий\.m2\repository\org\hamcrest\hamcrest-core\1.3\hamcrest-core-1.3.jar;C:\Users\Дмитрий\.m2\repository\io\rest-assured\rest-assured\5.0.0\rest-assured-5.0.0.jar;C:\Users\Дмитрий\.m2\repository\org\apache\groovy\groovy\4.0.1\groovy-4.0.1.jar;C:\Users\Дмитрий\.m2\repository\org\apache\groovy\groovy-xml\4.0.1\groovy-xml-4.0.1.jar;C:\Users\Дмитрий\.m2\repository\org\apache\httpcomponents\httpclient\4.5.13\httpclient-4.5.13.jar;C:\Users\Дмитрий\.m2\repository\org\apache\httpcomponents\httpcore\4.4.13\httpcore-4.4.13.jar;C:\Users\Дмитрий\.m2\repository\commons-logging\commons-logging\1.2\commons-logging-1.2.jar;C:\Users\Дмитрий\.m2\repository\commons-codec\commons-codec\1.11\commons-codec-1.11.jar;C:\Users\Дмитрий\.m2\repository\org\apache\httpcomponents\httpmime\4.5.13\httpmime-4.5.13.jar;C:\Users\Дмитрий\.m2\repository\org\hamcrest\hamcrest\2.1\hamcrest-2.1.jar;C:\Users\Дмитрий\.m2\repository\org\ccil\cowan\tagsoup\tagsoup\1.2.1\tagsoup-1.2.1.jar;C:\Users\Дмитрий\.m2\repository\io\rest-assured\json-path\5.0.0\json-path-5.0.0.jar;C:\Users\Дмитрий\.m2\repository\org\apache\groovy\groovy-json\4.0.1\groovy-json-4.0.1.jar;C:\Users\Дмитрий\.m2\repository\io\rest-assured\rest-assured-common\5.0.0\rest-assured-common-5.0.0.jar;C:\Users\Дмитрий\.m2\repository\io\rest-assured\xml-path\5.0.0\xml-path-5.0.0.jar;C:\Users\Дмитрий\.m2\repository\org\apache\commons\commons-lang3\3.11\commons-lang3-3.11.jar;C:\Users\Дмитрий\.m2\repository\org\projectlombok\lombok\1.18.24\lombok-1.18.24.jar;C:\Users\Дмитрий\.m2\repository\com\google\code\gson\gson\2.8.9\gson-2.8.9.jar;C:\Users\Дмитрий\.m2\repository\io\qameta\allure\allure-junit4\2.17.3\allure-junit4-2.17.3.jar;C:\Users\Дмитрий\.m2\repository\io\qameta\allure\allure-java-commons\2.17.3\allure-java-commons-2.17.3.jar;C:\Users\Дмитрий\.m2\repository\org\slf4j\slf4j-api\1.7.30\slf4j-api-1.7.30.jar;C:\Users\Дмитрий\.m2\repository\io\qameta\allure\allure-model\2.17.3\allure-model-2.17.3.jar;C:\Users\Дмитрий\.m2\repository\io\qameta\allure\allure-rest-assured\2.17.3\allure-rest-assured-2.17.3.jar;C:\Users\Дмитрий\.m2\repository\io\qameta\allure\allure-attachments\2.17.3\allure-attachments-2.17.3.jar;C:\Users\Дмитрий\.m2\repository\org\freemarker\freemarker\2.3.31\freemarker-2.3.31.jar;"/>
    <property name="java.vm.vendor" value="Amazon.com Inc."/>
    <property name="sun.arch.data.model" value="64"/>
    <property name="user.variant" value=""/>
    <property name="java.vendor.url" value="https://aws.amazon.com/corretto/"/>
    <property name="user.timezone" value="Europe/Moscow"/>
    <property name="java.vm.specification.version" value="11"/>
    <property name="os.name" value="Windows 10"/>
    <property name="sun.java.launcher" value="SUN_STANDARD"/>
    <property name="user.country" value="RU"/>
    <property name="sun.boot.library.path" value="C:\Program Files\Amazon Corretto\jdk11.0.14_10\bin"/>
    <property name="sun.java.command" value="C:\Users\AACE~1\AppData\Local\Temp\surefire9430919101277062987\surefirebooter6667567002954534246.jar C:\Users\Дмитрий\AppData\Local\Temp\surefire9430919101277062987 2022-05-22T14-33-01_860-jvmRun1 surefire16830395726542670534tmp surefire_05657838825696221667tmp"/>
    <property name="jdk.debug" value="release"/>
    <property name="surefire.test.class.path" value="C:\cygwin64\home\Дмитрий\Sprint_3\target\test-classes;C:\cygwin64\home\Дмитрий\Sprint_3\target\classes;C:\Users\Дмитрий\.m2\repository\org\mockito\mockito-core\3.12.4\mockito-core-3.12.4.jar;C:\Users\Дмитрий\.m2\repository\net\bytebuddy\byte-buddy-agent\1.11.13\byte-buddy-agent-1.11.13.jar;C:\Users\Дмитрий\.m2\repository\org\objenesis\objenesis\3.2\objenesis-3.2.jar;C:\Users\Дмитрий\.m2\repository\net\bytebuddy\byte-buddy\1.11.16\byte-buddy-1.11.16.jar;C:\Users\Дмитрий\.m2\repository\junit\junit\4.13.2\junit-4.13.2.jar;C:\Users\Дмитрий\.m2\repository\org\hamcrest\hamcrest-core\1.3\hamcrest-core-1.3.jar;C:\Users\Дмитрий\.m2\repository\io\rest-assured\rest-assured\5.0.0\rest-assured-5.0.0.jar;C:\Users\Дмитрий\.m2\repository\org\apache\groovy\groovy\4.0.1\groovy-4.0.1.jar;C:\Users\Дмитрий\.m2\repository\org\apache\groovy\groovy-xml\4.0.1\groovy-xml-4.0.1.jar;C:\Users\Дмитрий\.m2\repository\org\apache\httpcomponents\httpclient\4.5.13\httpclient-4.5.13.jar;C:\Users\Дмитрий\.m2\repository\org\apache\httpcomponents\httpcore\4.4.13\httpcore-4.4.13.jar;C:\Users\Дмитрий\.m2\repository\commons-logging\commons-logging\1.2\commons-logging-1.2.jar;C:\Users\Дмитрий\.m2\repository\commons-codec\commons-codec\1.11\commons-codec-1.11.jar;C:\Users\Дмитрий\.m2\repository\org\apache\httpcomponents\httpmime\4.5.13\httpmime-4.5.13.jar;C:\Users\Дмитрий\.m2\repository\org\hamcrest\hamcrest\2.1\hamcrest-2.1.jar;C:\Users\Дмитрий\.m2\repository\org\ccil\cowan\tagsoup\tagsoup\1.2.1\tagsoup-1.2.1.jar;C:\Users\Дмитрий\.m2\repository\io\rest-assured\json-path\5.0.0\json-path-5.0.0.jar;C:\Users\Дмитрий\.m2\repository\org\apache\groovy\groovy-json\4.0.1\groovy-json-4.0.1.jar;C:\Users\Дмитрий\.m2\repository\io\rest-assured\rest-assured-common\5.0.0\rest-assured-common-5.0.0.jar;C:\Users\Дмитрий\.m2\repository\io\rest-assured\xml-path\5.0.0\xml-path-5.0.0.jar;C:\Users\Дмитрий\.m2\repository\org\apache\commons\commons-lang3\3.11\commons-lang3-3.11.jar;C:\Users\Дмитрий\.m2\repository\org\projectlombok\lombok\1.18.24\lombok-1.18.24.jar;C:\Users\Дмитрий\.m2\repository\com\google\code\gson\gson\2.8.9\gson-2.8.9.jar;C:\Users\Дмитрий\.m2\repository\io\qameta\allure\allure-junit4\2.17.3\allure-junit4-2.17.3.jar;C:\Users\Дмитрий\.m2\repository\io\qameta\allure\allure-java-commons\2.17.3\allure-java-commons-2.17.3.jar;C:\Users\Дмитрий\.m2\repository\org\slf4j\slf4j-api\1.7.30\slf4j-api-1.7.30.jar;C:\Users\Дмитрий\.m2\repository\io\qameta\allure\allure-model\2.17.3\allure-model-2.17.3.jar;C:\Users\Дмитрий\.m2\repository\io\qameta\allure\allure-rest-assured\2.17.3\allure-rest-assured-2.17.3.jar;C:\Users\Дмитрий\.m2\repository\io\qameta\allure\allure-attachments\2.17.3\allure-attachments-2.17.3.jar;C:\Users\Дмитрий\.m2\repository\org\freemarker\freemarker\2.3.31\freemarker-2.3.31.jar;"/>
    <property name="sun.cpu.endian" value="little"/>
    <property name="allure.results.directory" value="C:/cygwin64/home/Дмитрий/Sprint_3/target/allure-results"/>
    <property name="user.home" value="C:\Users\Дмитрий"/>
    <property name="user.language" value="ru"/>
    <property name="java.specification.vendor" value="Oracle Corporation"/>
    <property name="java.version.date" value="2022-02-08"/>
    <property name="java.home" value="C:\Program Files\Amazon Corretto\jdk11.0.14_10"/>
    <property name="file.separator" value="\"/>
    <property name="basedir" value="C:\cygwin64\home\Дмитрий\Sprint_3"/>
    <property name="java.vm.compressedOopsMode" value="32-bit"/>
    <property name="line.separator" value="&#10;"/>
    <property name="java.specification.name" value="Java Platform API Specification"/>
    <property name="java.vm.specification.vendor" value="Oracle Corporation"/>
    <property name="java.awt.graphicsenv" value="sun.awt.Win32GraphicsEnvironment"/>
    <property name="surefire.real.class.path" value="C:\Users\AACE~1\AppData\Local\Temp\surefire9430919101277062987\surefirebooter6667567002954534246.jar"/>
    <property name="user.script" value=""/>
    <property name="sun.management.compiler" value="HotSpot 64-Bit Tiered Compilers"/>
    <property name="java.runtime.version" value="11.0.14.1+10-LTS"/>
    <property name="user.name" value="Дмитрий"/>
    <property name="path.separator" value=";"/>
    <property name="os.version" value="10.0"/>
    <property name="java.runtime.name" value="OpenJDK Runtime Environment"/>
    <property name="file.encoding" value="Cp1251"/>
    <property name="java.vm.name" value="OpenJDK 64-Bit Server VM"/>
    <property name="java.vendor.version" value="Corretto-11.0.14.10.1"/>
    <property name="localRepository" value="C:\Users\Дмитрий\.m2\repository"/>
    <property name="java.vendor.url.bug" value="https://github.com/corretto/corretto-11/issues/"/>
    <property name="java.io.tmpdir" value="C:\Users\AACE~1\AppData\Local\Temp\"/>
    <property name="idea.version" value="2021.3.2"/>
    <property name="java.version" value="11.0.14.1"/>
    <property name="user.dir" value="C:\cygwin64\home\Дмитрий\Sprint_3"/>
    <property name="os.arch" value="amd64"/>
    <property name="java.vm.specification.name" value="Java Virtual Machine Specification"/>
    <property name="java.awt.printerjob" value="sun.awt.windows.WPrinterJob"/>
    <property name="sun.os.patch.level" value=""/>
    <property name="java.library.path" value="C:\Program Files\Amazon Corretto\jdk11.0.14_10\bin;C:\WINDOWS\Sun\Java\bin;C:\WINDOWS\system32;C:\WINDOWS;C:\Program Files\Amazon Corretto\jdk11.0.14_10\bin;C:\Program Files (x86)\Intel\iCLS Client\;C:\Program Files\Intel\iCLS Client\;C:\WINDOWS\system32;C:\WINDOWS;C:\WINDOWS\System32\Wbem;C:\WINDOWS\System32\WindowsPowerShell\v1.0\;C:\WINDOWS\System32\OpenSSH\;C:\Program Files (x86)\Intel\Intel(R) Management Engine Components\DAL;C:\Program Files\Intel\Intel(R) Management Engine Components\DAL;C:\Program Files (x86)\Intel\Intel(R) Management Engine Components\IPT;C:\Program Files\Intel\Intel(R) Management Engine Components\IPT;C:\apache-maven-3.8.5\bin;C:\Program Files\Git\cmd;C:\Program Files\Git\mingw64\bin;C:\Program Files\Git\usr\bin;C:\allure-2.17.3\bin;;."/>
    <property name="java.vm.info" value="mixed mode"/>
    <property name="java.vendor" value="Amazon.com Inc."/>
    <property name="java.vm.version" value="11.0.14.1+10-LTS"/>
    <property name="sun.io.unicode.encoding" value="UnicodeLittle"/>
    <property name="java.class.version" value="55.0"/>
  </properties>
  <testcase name="courierCreateTest" classname="courierflow.CourierTest" time="0.452"/>
  <testcase name="courierWithoutLoginTest" classname="courierflow.CourierTest" time="0.442"/>
  <testcase name="courierDuplicateLoginTest" classname="courierflow.CourierTest" time="1.098">
    <failure message="Ответ не соответствует документации expected:&lt;...ин уже используется.[]&gt; but was:&lt;...ин уже используется.[ Попробуйте другой.]&gt;" type="org.junit.ComparisonFailure"><![CDATA[org.junit.ComparisonFailure: Ответ не соответствует документации expected:<...ин уже используется.[]> but was:<...ин уже используется.[ Попробуйте другой.]>
	at courierflow.CourierTest.courierDuplicateLoginTest(CourierTest.java:90)
]]></failure>
    <system-out><![CDATA[HTTP/1.1 201 Created
Access-Control-Allow-Origin: *
Content-Length: 11
Content-Type: application/json; charset=utf-8
Date: Sun, 22 May 2022 11:37:30 GMT
ETag: W/"b-Ai2R8hgEarLmHKwesT1qcY913ys"
Set-Cookie: _yasc=1NyMmVFdawF6jcRAk9QY/umNeVXHLlwSAI590HrG/GqM0g==; domain=.praktikum-services.ru; path=/; expires=Tue, 21-Jun-2022 11:37:30 GMT; secure
X-Powered-By: Express
X-Request-Id: 1653219450657851-9268546482338309245

{
    "ok": true
}
HTTP/1.1 200 OK
Access-Control-Allow-Origin: *
Content-Length: 12
Content-Type: application/json; charset=utf-8
Date: Sun, 22 May 2022 11:37:30 GMT
ETag: W/"c-KXTbcyl/mnwjxhbzKwYOm5nQx7s"
Set-Cookie: _yasc=uMElbNk3W+X5bFyKZ/hLwid1s81ObACam8sSnUfyufuCmA==; domain=.praktikum-services.ru; path=/; expires=Tue, 21-Jun-2022 11:37:30 GMT; secure
X-Powered-By: Express
X-Request-Id: 1653219450908353-10089631959687254266

{
    "id": 71394
}
HTTP/1.1 409 Conflict
Access-Control-Allow-Origin: *
Content-Length: 112
Content-Type: application/json; charset=utf-8
Date: Sun, 22 May 2022 11:37:31 GMT
ETag: W/"70-sLG1ZktNk+Ab3iaKUMwxkdL4FJo"
Set-Cookie: _yasc=RuBR1558e7QAh/jcHmh5+H5tfaBBdst6ZaE6Dru9m/NIlA==; domain=.praktikum-services.ru; path=/; expires=Tue, 21-Jun-2022 11:37:31 GMT; secure
X-Powered-By: Express
X-Request-Id: 1653219451148389-10034722230559903186

{
    "code": 409,
    "message": "Этот логин уже используется. Попробуйте другой."
}
HTTP/1.1 200 OK
Access-Control-Allow-Origin: *
Content-Length: 11
Content-Type: application/json; charset=utf-8
Date: Sun, 22 May 2022 11:37:31 GMT
ETag: W/"b-Ai2R8hgEarLmHKwesT1qcY913ys"
Set-Cookie: _yasc=ynch+GOZZn/0Ek2FN6eN0/lA+Hi/gE3M8PFWOjjHQ48afg==; domain=.praktikum-services.ru; path=/; expires=Tue, 21-Jun-2022 11:37:31 GMT; secure
X-Powered-By: Express
X-Request-Id: 1653219451358017-3314477853351617183

{
    "ok": true
}
]]></system-out>
  </testcase>
  <testcase name="courierDuplicateTest" classname="courierflow.CourierTest" time="1.034">
    <failure message="Ответ не соответствует документации expected:&lt;...ин уже используется.[]&gt; but was:&lt;...ин уже используется.[ Попробуйте другой.]&gt;" type="org.junit.ComparisonFailure"><![CDATA[org.junit.ComparisonFailure: Ответ не соответствует документации expected:<...ин уже используется.[]> but was:<...ин уже используется.[ Попробуйте другой.]>
	at courierflow.CourierTest.courierDuplicateTest(CourierTest.java:63)
]]></failure>
    <system-out><![CDATA[HTTP/1.1 201 Created
Access-Control-Allow-Origin: *
Content-Length: 11
Content-Type: application/json; charset=utf-8
Date: Sun, 22 May 2022 11:37:31 GMT
ETag: W/"b-Ai2R8hgEarLmHKwesT1qcY913ys"
Set-Cookie: _yasc=+tLudqyHxeGTaYXOW6EG9aZjjPLCB0gT6yX8tBKqeTbWdQ==; domain=.praktikum-services.ru; path=/; expires=Tue, 21-Jun-2022 11:37:31 GMT; secure
X-Powered-By: Express
X-Request-Id: 1653219451689267-9887807040317397328

{
    "ok": true
}
HTTP/1.1 200 OK
Access-Control-Allow-Origin: *
Content-Length: 12
Content-Type: application/json; charset=utf-8
Date: Sun, 22 May 2022 11:37:31 GMT
ETag: W/"c-CbeBvCux5Ex+E8hJD9oQ+w1t/Ko"
Set-Cookie: _yasc=hZCWG6Le+yLPy5BEYmApR3u/8+IT0JgAtJUn8O1UeBQXCw==; domain=.praktikum-services.ru; path=/; expires=Tue, 21-Jun-2022 11:37:31 GMT; secure
X-Powered-By: Express
X-Request-Id: 1653219451864464-13494887825530670752

{
    "id": 71395
}
HTTP/1.1 409 Conflict
Access-Control-Allow-Origin: *
Content-Length: 112
Content-Type: application/json; charset=utf-8
Date: Sun, 22 May 2022 11:37:32 GMT
ETag: W/"70-sLG1ZktNk+Ab3iaKUMwxkdL4FJo"
Set-Cookie: _yasc=PIpU0L6P5DkSPILcw4ElIp4WK9NjUZEi6IeiR0NBD3oR4Q==; domain=.praktikum-services.ru; path=/; expires=Tue, 21-Jun-2022 11:37:32 GMT; secure
X-Powered-By: Express
X-Request-Id: 1653219452140266-2152937627305002316

{
    "code": 409,
    "message": "Этот логин уже используется. Попробуйте другой."
}
HTTP/1.1 200 OK
Access-Control-Allow-Origin: *
Content-Length: 11
Content-Type: application/json; charset=utf-8
Date: Sun, 22 May 2022 11:37:32 GMT
ETag: W/"b-Ai2R8hgEarLmHKwesT1qcY913ys"
Set-Cookie: _yasc=c8Yje4Ms2hrXlNFOpgV9k/tRjMIZiXW05b8LwHxdadvfLw==; domain=.praktikum-services.ru; path=/; expires=Tue, 21-Jun-2022 11:37:32 GMT; secure
X-Powered-By: Express
X-Request-Id: 1653219452383146-1900275726066034004

{
    "ok": true
}
]]></system-out>
  </testcase>
</testsuite>